-------------------------------------------------------------------------------
Test set: com.example.projectmanagementsystem.controller.ProjectControllerTest
-------------------------------------------------------------------------------
Tests run: 5, Failures: 0, Errors: 5, Skipped: 0, Time elapsed: 6.772 s <<< FAILURE! - in com.example.projectmanagementsystem.controller.ProjectControllerTest
testCreateProject  Time elapsed: 0.04 s  <<< ERROR!
java.lang.NullPointerException: Cannot invoke "com.example.projectmanagementsystem.models.Project.setName(String)" because "this.project1" is null
	at com.example.projectmanagementsystem.controller.ProjectControllerTest.setUp(ProjectControllerTest.java:50)

testUpdateProject  Time elapsed: 0.017 s  <<< ERROR!
java.lang.NullPointerException: Cannot invoke "com.example.projectmanagementsystem.models.Project.setName(String)" because "this.project1" is null
	at com.example.projectmanagementsystem.controller.ProjectControllerTest.setUp(ProjectControllerTest.java:50)

testDeleteProject  Time elapsed: 0.025 s  <<< ERROR!
java.lang.NullPointerException: Cannot invoke "com.example.projectmanagementsystem.models.Project.setName(String)" because "this.project1" is null
	at com.example.projectmanagementsystem.controller.ProjectControllerTest.setUp(ProjectControllerTest.java:50)

testGetProjectById  Time elapsed: 0.017 s  <<< ERROR!
java.lang.NullPointerException: Cannot invoke "com.example.projectmanagementsystem.models.Project.setName(String)" because "this.project1" is null
	at com.example.projectmanagementsystem.controller.ProjectControllerTest.setUp(ProjectControllerTest.java:50)

testGetAllProjects  Time elapsed: 0.013 s  <<< ERROR!
java.lang.NullPointerException: Cannot invoke "com.example.projectmanagementsystem.models.Project.setName(String)" because "this.project1" is null
	at com.example.projectmanagementsystem.controller.ProjectControllerTest.setUp(ProjectControllerTest.java:50)

