<?xml version="1.0" encoding="UTF-8"?>
<testsuite xmlns:xsi="http://www.w3.org/2001/XMLSchema-instance" xsi:noNamespaceSchemaLocation="https://maven.apache.org/surefire/maven-surefire-plugin/xsd/surefire-test-report.xsd" name="com.example.projectmanagementsystem.controller.ProjectControllerTest" time="6.772" tests="5" errors="5" skipped="0" failures="0">
  <properties>
[...]
</properties>
  <testcase name="testCreateProject" classname="com.example.projectmanagementsystem.controller.ProjectControllerTest" time="0.04">
    <error message="Cannot invoke &quot;com.example.projectmanagementsystem.models.Project.setName(String)&quot; because &quot;this.project1&quot; is null" type="java.lang.NullPointerException">java.lang.NullPointerException: Cannot invoke "com.example.projectmanagementsystem.models.Project.setName(String)" because "this.project1" is null
	at com.example.projectmanagementsystem.controller.ProjectControllerTest.setUp(ProjectControllerTest.java:50)
</error>
    <system-out><![CDATA[17:10:53.214 [main] DEBUG org.springframework.test.context.BootstrapUtils - Instantiating CacheAwareContextLoaderDelegate from class [org.springframework.test.context.cache.DefaultCacheAwareContextLoaderDelegate]
17:10:53.295 [main] DEBUG org.springframework.test.context.BootstrapUtils - Instantiating BootstrapContext using constructor [public org.springframework.test.context.support.DefaultBootstrapContext(java.lang.Class,org.springframework.test.context.CacheAwareContextLoaderDelegate)]
17:10:53.425 [main] DEBUG org.springframework.test.context.BootstrapUtils - Instantiating TestContextBootstrapper for test class [com.example.projectmanagementsystem.controller.ProjectControllerTest] from class [org.springframework.boot.test.autoconfigure.web.servlet.WebMvcTestContextBootstrapper]
17:10:53.477 [main] INFO org.springframework.boot.test.autoconfigure.web.servlet.WebMvcTestContextBootstrapper - Neither @ContextConfiguration nor @ContextHierarchy found for test class [com.example.projectmanagementsystem.controller.ProjectControllerTest], using SpringBootContextLoader
17:10:53.501 [main] DEBUG org.springframework.test.context.support.AbstractContextLoader - Did not detect default resource location for test class [com.example.projectmanagementsystem.controller.ProjectControllerTest]: class path resource [com/example/projectmanagementsystem/controller/ProjectControllerTest-context.xml] does not exist
17:10:53.513 [main] DEBUG org.springframework.test.context.support.AbstractContextLoader - Did not detect default resource location for test class [com.example.projectmanagementsystem.controller.ProjectControllerTest]: class path resource [com/example/projectmanagementsystem/controller/ProjectControllerTestContext.groovy] does not exist
17:10:53.514 [main] INFO org.springframework.test.context.support.AbstractContextLoader - Could not detect default resource locations for test class [com.example.projectmanagementsystem.controller.ProjectControllerTest]: no resource found for suffixes {-context.xml, Context.groovy}.
17:10:53.527 [main] INFO org.springframework.test.context.support.AnnotationConfigContextLoaderUtils - Could not detect default configuration classes for test class [com.example.projectmanagementsystem.controller.ProjectControllerTest]: ProjectControllerTest does not declare any static, non-private, non-final, nested classes annotated with @Configuration.
17:10:53.961 [main] DEBUG org.springframework.test.context.support.ActiveProfilesUtils - Could not find an 'annotation declaring class' for annotation type [org.springframework.test.context.ActiveProfiles] and class [com.example.projectmanagementsystem.controller.ProjectControllerTest]
17:10:54.279 [main] DEBUG org.springframework.context.annotation.ClassPathScanningCandidateComponentProvider - Identified candidate component class: file [/home/mohit/Desktop/project-management-system/target/classes/com/example/projectmanagementsystem/ProjectManagementSystemApplication.class]
17:10:54.301 [main] INFO org.springframework.boot.test.context.SpringBootTestContextBootstrapper - Found @SpringBootConfiguration com.example.projectmanagementsystem.ProjectManagementSystemApplication for test class com.example.projectmanagementsystem.controller.ProjectControllerTest
17:10:54.363 [main] DEBUG org.springframework.boot.test.autoconfigure.web.servlet.WebMvcTestContextBootstrapper - @TestExecutionListeners is not present for class [com.example.projectmanagementsystem.controller.ProjectControllerTest]: using defaults.
17:10:54.364 [main] INFO org.springframework.boot.test.autoconfigure.web.servlet.WebMvcTestContextBootstrapper - Loaded default TestExecutionListener class names from location [META-INF/spring.factories]: [org.springframework.boot.test.mock.mockito.MockitoTestExecutionListener, org.springframework.boot.test.mock.mockito.ResetMocksTestExecutionListener, org.springframework.boot.test.autoconfigure.restdocs.RestDocsTestExecutionListener, org.springframework.boot.test.autoconfigure.web.client.MockRestServiceServerResetTestExecutionListener, org.springframework.boot.test.autoconfigure.web.servlet.MockMvcPrintOnlyOnFailureTestExecutionListener, org.springframework.boot.test.autoconfigure.web.servlet.WebDriverTestExecutionListener, org.springframework.boot.test.autoconfigure.webservices.client.MockWebServiceServerTestExecutionListener, org.springframework.test.context.web.ServletTestExecutionListener, org.springframework.test.context.support.DirtiesContextBeforeModesTestExecutionListener, org.springframework.test.context.event.ApplicationEventsTestExecutionListener, org.springframework.test.context.support.DependencyInjectionTestExecutionListener, org.springframework.test.context.support.DirtiesContextTestExecutionListener, org.springframework.test.context.transaction.TransactionalTestExecutionListener, org.springframework.test.context.jdbc.SqlScriptsTestExecutionListener, org.springframework.test.context.event.EventPublishingTestExecutionListener]
17:10:54.473 [main] INFO org.springframework.boot.test.autoconfigure.web.servlet.WebMvcTestContextBootstrapper - Using TestExecutionListeners: [org.springframework.test.context.web.ServletTestExecutionListener@507d20bb, org.springframework.test.context.support.DirtiesContextBeforeModesTestExecutionListener@9fec931, org.springframework.test.context.event.ApplicationEventsTestExecutionListener@5cbd159f, org.springframework.boot.test.mock.mockito.MockitoTestExecutionListener@3b05a99b, org.springframework.boot.test.autoconfigure.SpringBootDependencyInjectionTestExecutionListener@2c43eb8, org.springframework.test.context.support.DirtiesContextTestExecutionListener@7d0cc890, org.springframework.test.context.transaction.TransactionalTestExecutionListener@49293b43, org.springframework.test.context.jdbc.SqlScriptsTestExecutionListener@5ff60a8c, org.springframework.test.context.event.EventPublishingTestExecutionListener@7ce4de34, org.springframework.boot.test.mock.mockito.ResetMocksTestExecutionListener@67b7c170, org.springframework.boot.test.autoconfigure.restdocs.RestDocsTestExecutionListener@67440de6, org.springframework.boot.test.autoconfigure.web.client.MockRestServiceServerResetTestExecutionListener@889d9e8, org.springframework.boot.test.autoconfigure.web.servlet.MockMvcPrintOnlyOnFailureTestExecutionListener@5246a3b3, org.springframework.boot.test.autoconfigure.web.servlet.WebDriverTestExecutionListener@ba354ca, org.springframework.boot.test.autoconfigure.webservices.client.MockWebServiceServerTestExecutionListener@4c4f4365]
17:10:54.485 [main] DEBUG org.springframework.test.context.support.AbstractDirtiesContextTestExecutionListener - Before test class: context [DefaultTestContext@20e6c4dc testClass = ProjectControllerTest, testInstance = [null], testMethod = [null], testException = [null], mergedContextConfiguration = [WebMergedContextConfiguration@60737b23 testClass = ProjectControllerTest, locations = '{}', classes = '{class com.example.projectmanagementsystem.ProjectManagementSystemApplication}', contextInitializerClasses = '[]', activeProfiles = '{}', propertySourceLocations = '{}', propertySourceProperties = '{org.springframework.boot.test.autoconfigure.web.servlet.WebMvcTestContextBootstrapper=true}', contextCustomizers = set[[ImportsContextCustomizer@4d2a1da3 key = [org.springframework.boot.autoconfigure.cache.CacheAutoConfiguration, org.springframework.boot.autoconfigure.context.MessageSourceAutoConfiguration, org.springframework.boot.autoconfigure.data.web.SpringDataWebAutoConfiguration, org.springframework.boot.autoconfigure.freemarker.FreeMarkerAutoConfiguration, org.springframework.boot.autoconfigure.groovy.template.GroovyTemplateAutoConfiguration, org.springframework.boot.autoconfigure.gson.GsonAutoConfiguration, org.springframework.boot.autoconfigure.hateoas.HypermediaAutoConfiguration, org.springframework.boot.autoconfigure.http.HttpMessageConvertersAutoConfiguration, org.springframework.boot.autoconfigure.jackson.JacksonAutoConfiguration, org.springframework.boot.autoconfigure.jsonb.JsonbAutoConfiguration, org.springframework.boot.autoconfigure.mustache.MustacheAutoConfiguration, org.springframework.boot.autoconfigure.task.TaskExecutionAutoConfiguration, org.springframework.boot.autoconfigure.thymeleaf.ThymeleafAutoConfiguration, org.springframework.boot.autoconfigure.validation.ValidationAutoConfiguration, org.springframework.boot.autoconfigure.web.servlet.error.ErrorMvcAutoConfiguration, org.springframework.boot.autoconfigure.web.servlet.HttpEncodingAutoConfiguration, org.springframework.boot.autoconfigure.web.servlet.WebMvcAutoConfiguration, org.springframework.boot.test.autoconfigure.web.servlet.MockMvcAutoConfiguration, org.springframework.boot.test.autoconfigure.web.servlet.MockMvcWebClientAutoConfiguration, org.springframework.boot.test.autoconfigure.web.servlet.MockMvcWebDriverAutoConfiguration, org.springframework.boot.autoconfigure.security.oauth2.client.servlet.OAuth2ClientAutoConfiguration, org.springframework.boot.autoconfigure.security.oauth2.resource.servlet.OAuth2ResourceServerAutoConfiguration, org.springframework.boot.autoconfigure.security.servlet.SecurityAutoConfiguration, org.springframework.boot.autoconfigure.security.servlet.SecurityFilterAutoConfiguration, org.springframework.boot.autoconfigure.security.servlet.UserDetailsServiceAutoConfiguration, org.springframework.boot.test.autoconfigure.web.servlet.MockMvcSecurityConfiguration, org.springframework.boot.test.autoconfigure.web.reactive.WebTestClientAutoConfiguration]], org.springframework.boot.test.context.filter.ExcludeFilterContextCustomizer@66e889df, org.springframework.boot.test.json.DuplicateJsonObjectContextCustomizerFactory$DuplicateJsonObjectContextCustomizer@773c0293, org.springframework.boot.test.mock.mockito.MockitoContextCustomizer@2cd32711, org.springframework.boot.test.autoconfigure.OverrideAutoConfigurationContextCustomizerFactory$DisableAutoConfigurationContextCustomizer@c27d163, org.springframework.boot.test.autoconfigure.actuate.metrics.MetricsExportContextCustomizerFactory$DisableMetricExportContextCustomizer@1603dc2f, org.springframework.boot.test.autoconfigure.filter.TypeExcludeFiltersContextCustomizer@7376b96e, org.springframework.boot.test.autoconfigure.properties.PropertyMappingContextCustomizer@2851579e, org.springframework.boot.test.autoconfigure.web.servlet.WebDriverContextCustomizerFactory$Customizer@51dbd6e4, org.springframework.boot.test.context.SpringBootTestArgs@1, org.springframework.boot.test.context.SpringBootTestWebEnvironment@0], resourceBasePath = 'src/main/webapp', contextLoader = 'org.springframework.boot.test.context.SpringBootContextLoader', parent = [null]], attributes = map[[empty]]], class annotated with @DirtiesContext [false] with mode [null].

  .   ____          _            __ _ _
 /\\ / ___'_ __ _ _(_)_ __  __ _ \ \ \ \
( ( )\___ | '_ | '_| | '_ \/ _` | \ \ \ \
 \\/  ___)| |_)| | | | | || (_| |  ) ) ) )
  '  |____| .__|_| |_|_| |_\__, | / / / /
 =========|_|==============|___/=/_/_/_/
 :: Spring Boot ::                (v2.7.5)

2024-05-19 17:10:55.853  INFO 23769 --- [           main] c.e.p.controller.ProjectControllerTest   : Starting ProjectControllerTest using Java 19.0.2 on mohit-Inspiron-660s with PID 23769 (started by mohit in /home/mohit/Desktop/project-management-system)
2024-05-19 17:10:55.856  INFO 23769 --- [           main] c.e.p.controller.ProjectControllerTest   : No active profile set, falling back to 1 default profile: "default"
2024-05-19 17:10:59.310  INFO 23769 --- [           main] o.s.b.t.m.w.SpringBootMockServletContext : Initializing Spring TestDispatcherServlet ''
2024-05-19 17:10:59.310  INFO 23769 --- [           main] o.s.t.web.servlet.TestDispatcherServlet  : Initializing Servlet ''
2024-05-19 17:10:59.320  INFO 23769 --- [           main] o.s.t.web.servlet.TestDispatcherServlet  : Completed initialization in 6 ms
2024-05-19 17:10:59.436  INFO 23769 --- [           main] c.e.p.controller.ProjectControllerTest   : Started ProjectControllerTest in 4.642 seconds (JVM running for 10.89)
]]></system-out>
  </testcase>
  <testcase name="testUpdateProject" classname="com.example.projectmanagementsystem.controller.ProjectControllerTest" time="0.017">
    <error message="Cannot invoke &quot;com.example.projectmanagementsystem.models.Project.setName(String)&quot; because &quot;this.project1&quot; is null" type="java.lang.NullPointerException">java.lang.NullPointerException: Cannot invoke "com.example.projectmanagementsystem.models.Project.setName(String)" because "this.project1" is null
	at com.example.projectmanagementsystem.controller.ProjectControllerTest.setUp(ProjectControllerTest.java:50)
</error>
  </testcase>
  <testcase name="testDeleteProject" classname="com.example.projectmanagementsystem.controller.ProjectControllerTest" time="0.025">
    <error message="Cannot invoke &quot;com.example.projectmanagementsystem.models.Project.setName(String)&quot; because &quot;this.project1&quot; is null" type="java.lang.NullPointerException">java.lang.NullPointerException: Cannot invoke "com.example.projectmanagementsystem.models.Project.setName(String)" because "this.project1" is null
	at com.example.projectmanagementsystem.controller.ProjectControllerTest.setUp(ProjectControllerTest.java:50)
</error>
  </testcase>
  <testcase name="testGetProjectById" classname="com.example.projectmanagementsystem.controller.ProjectControllerTest" time="0.017">
    <error message="Cannot invoke &quot;com.example.projectmanagementsystem.models.Project.setName(String)&quot; because &quot;this.project1&quot; is null" type="java.lang.NullPointerException">java.lang.NullPointerException: Cannot invoke "com.example.projectmanagementsystem.models.Project.setName(String)" because "this.project1" is null
	at com.example.projectmanagementsystem.controller.ProjectControllerTest.setUp(ProjectControllerTest.java:50)
</error>
  </testcase>
  <testcase name="testGetAllProjects" classname="com.example.projectmanagementsystem.controller.ProjectControllerTest" time="0.013">
    <error message="Cannot invoke &quot;com.example.projectmanagementsystem.models.Project.setName(String)&quot; because &quot;this.project1&quot; is null" type="java.lang.NullPointerException">java.lang.NullPointerException: Cannot invoke "com.example.projectmanagementsystem.models.Project.setName(String)" because "this.project1" is null
	at com.example.projectmanagementsystem.controller.ProjectControllerTest.setUp(ProjectControllerTest.java:50)
</error>
  </testcase>
</testsuite>